<?xml version="1.0" encoding="UTF-8"?>
<testsuite name="principles.changeislocal.LocalChangeTest" tests="1" skipped="0" failures="0" errors="0" timestamp="2020-01-06T09:24:04" hostname="nb0625.corp.affinitas.de" time="0.001">
  <properties/>
  <testcase name="add" classname="principles.changeislocal.LocalChangeTest" time="0.001"/>
  <system-out><![CDATA[]]></system-out>
  <system-err><![CDATA[]]></system-err>
</testsuite>
