<?xml version="1.0" encoding="UTF-8"?>
<testsuite name="classdesign.ocp.CoffeeMakerTest" tests="1" skipped="0" failures="0" errors="0" timestamp="2020-01-06T19:10:08" hostname="NB0625.local" time="0.002">
  <properties/>
  <testcase name="makeCoffee" classname="classdesign.ocp.CoffeeMakerTest" time="0.002"/>
  <system-out><![CDATA[]]></system-out>
  <system-err><![CDATA[]]></system-err>
</testsuite>
